{
  "RSpec": {
    "coverage": {
      "/Users/maciejkurek/Desktop/Dev/airport_challenge/spec/airport_spec.rb": [
        1,
        null,
        null,
        null,
        null,
        null,
        null,
        null,
        null,
        null,
        null,
        null,
        null,
        1,
        null,
        9,
        8,
        null,
        1,
        null,
        1,
        4,
        4,
        null,
        null,
        1,
        1,
        1,
        null,
        null,
        1,
        1,
        1,
        null,
        null,
        1,
        1,
        1,
        1,
        null,
        null,
        1,
        1,
        1,
        1,
        null,
        null,
        null,
        null,
        null,
        1,
        null,
        1,
        1,
        null,
        null,
        1,
        1,
        21,
        2,
        null,
        null,
        null,
        null,
        null,
        null,
        null,
        null,
        null,
        null,
        null,
        null,
        1,
        1,
        1,
        1,
        1,
        2,
        null,
        null,
        1,
        1,
        2,
        null,
        null,
        null,
        null
      ],
      "/Users/maciejkurek/Desktop/Dev/airport_challenge/lib/airport.rb": [
        1,
        null,
        1,
        null,
        1,
        8,
        8,
        null,
        null,
        1,
        27,
        26,
        25,
        25,
        null,
        null,
        1,
        3,
        2,
        2,
        null,
        null,
        1,
        26,
        null,
        null,
        1,
        null,
        null,
        1,
        30,
        null,
        null
      ],
      "/Users/maciejkurek/Desktop/Dev/airport_challenge/spec/feature/grand_finale_spec.rb": [
        1,
        null,
        null,
        null,
        null,
        null,
        null,
        null,
        null,
        null,
        1,
        null,
        1,
        null,
        null
      ],
      "/Users/maciejkurek/Desktop/Dev/airport_challenge/spec/plane_spec.rb": [
        1,
        null,
        null,
        null,
        null,
        null,
        null,
        null,
        null,
        null,
        null,
        null,
        null,
        null,
        1,
        5,
        null,
        1,
        1,
        null,
        null,
        1,
        1,
        null,
        null,
        1,
        1,
        1,
        null,
        null,
        1,
        1,
        1,
        1,
        null,
        null
      ],
      "/Users/maciejkurek/Desktop/Dev/airport_challenge/lib/plane.rb": [
        1,
        null,
        1,
        4,
        null,
        null,
        1,
        4,
        null,
        null,
        1,
        3,
        null,
        null,
        1,
        2,
        null,
        null,
        1,
        1,
        null,
        null
      ]
    },
    "timestamp": 1429646246
  }
}
